{"level":"INFO","timestamp":"2019-04-10 16:10:08.986","file":"apiserverstudy/main.go:47","msg":"开始监听端口: :8080"}
{"level":"INFO","timestamp":"2019-04-10 16:10:08.987","file":"apiserverstudy/main.go:44","msg":"路由器部署成功"}
{"level":"INFO","timestamp":"2019-04-13 15:51:20.508","file":"apiserver-study/main.go:47","msg":"开始监听端口: :8080"}
{"level":"INFO","timestamp":"2019-04-13 15:51:20.509","file":"apiserver-study/main.go:44","msg":"路由器部署成功"}
{"level":"ERROR","timestamp":"2019-04-17 21:43:38.088","file":"model/init.go:27","msg":"数据%!s(MISSING)l连接失败","data":{"error":"sql: unknown driver \"mysql\" (forgotten import?)"}}
{"level":"ERROR","timestamp":"2019-04-17 22:12:00.863","file":"model/init.go:27","msg":"数据%!s(MISSING)l连接失败","data":{"error":"sql: unknown driver \"mysql\" (forgotten import?)"}}
{"level":"ERROR","timestamp":"2019-04-17 22:17:18.374","file":"model/init.go:27","msg":"数据%!s(MISSING)l连接失败","data":{"error":"sql: unknown driver \"mysql\" (forgotten import?)"}}
{"level":"ERROR","timestamp":"2019-04-17 22:20:23.483","file":"model/init.go:28","msg":"数据%!s(MISSING)l连接失败","data":{"error":"this authentication plugin is not supported"}}
{"level":"INFO","timestamp":"2019-04-17 22:20:23.483","file":"apiserver-study/main.go:51","msg":"开始监听端口: :8080"}
{"level":"INFO","timestamp":"2019-04-17 22:20:23.484","file":"apiserver-study/main.go:48","msg":"路由器部署成功"}
{"level":"ERROR","timestamp":"2019-04-17 22:21:13.704","file":"model/init.go:28","msg":"数据%!s(MISSING)l连接失败","data":{"error":"this authentication plugin is not supported"}}
{"level":"INFO","timestamp":"2019-04-17 22:21:32.342","file":"apiserver-study/main.go:51","msg":"开始监听端口: :8080"}
{"level":"INFO","timestamp":"2019-04-17 22:21:32.343","file":"apiserver-study/main.go:48","msg":"路由器部署成功"}
{"level":"ERROR","timestamp":"2019-04-17 22:25:49.002","file":"model/init.go:28","msg":"数据%!s(MISSING)l连接失败","data":{"error":"this authentication plugin is not supported"}}
{"level":"INFO","timestamp":"2019-04-17 22:25:49.002","file":"apiserver-study/main.go:51","msg":"开始监听端口: :8080"}
{"level":"INFO","timestamp":"2019-04-17 22:25:49.003","file":"apiserver-study/main.go:48","msg":"路由器部署成功"}
{"level":"ERROR","timestamp":"2019-04-17 22:38:43.470","file":"model/init.go:28","msg":"数据%!s(MISSING)l连接失败","data":{"error":"this authentication plugin is not supported"}}
{"level":"INFO","timestamp":"2019-04-17 22:38:43.470","file":"apiserver-study/main.go:51","msg":"开始监听端口: :8080"}
{"level":"INFO","timestamp":"2019-04-17 22:38:43.471","file":"apiserver-study/main.go:48","msg":"路由器部署成功"}
{"level":"INFO","timestamp":"2019-04-17 22:46:38.284","file":"apiserver-study/main.go:51","msg":"开始监听端口: :8080"}
{"level":"INFO","timestamp":"2019-04-17 22:46:38.284","file":"apiserver-study/main.go:65","msg":"等待路由器，1秒后重试"}
{"level":"INFO","timestamp":"2019-04-17 22:46:39.291","file":"apiserver-study/main.go:48","msg":"路由器部署成功"}
{"level":"ERROR","timestamp":"2019-04-18 13:43:48.008","file":"model/init.go:28","msg":"数据%!s(MISSING)l连接失败","data":{"error":"this authentication plugin is not supported"}}
{"level":"INFO","timestamp":"2019-04-18 13:43:48.018","file":"apiserver-study/main.go:51","msg":"开始监听端口: :8080"}
{"level":"INFO","timestamp":"2019-04-18 13:43:48.018","file":"apiserver-study/main.go:48","msg":"路由器部署成功"}
{"level":"ERROR","timestamp":"2019-04-18 15:51:17.086","file":"model/init.go:28","msg":"数据%!s(MISSING)l连接失败","data":{"error":"this authentication plugin is not supported"}}
{"level":"INFO","timestamp":"2019-04-18 15:51:17.117","file":"apiserver-study/main.go:51","msg":"开始监听端口: :8080"}
{"level":"INFO","timestamp":"2019-04-18 15:51:17.118","file":"apiserver-study/main.go:48","msg":"路由器部署成功"}
{"level":"INFO","timestamp":"2019-04-18 15:52:02.237","file":"apiserver-study/main.go:50","msg":"开始监听端口: :8080"}
{"level":"INFO","timestamp":"2019-04-18 15:52:02.238","file":"apiserver-study/main.go:64","msg":"等待路由器，1秒后重试"}
{"level":"INFO","timestamp":"2019-04-18 15:52:03.279","file":"apiserver-study/main.go:47","msg":"路由器部署成功"}
{"level":"DEBUG","timestamp":"2019-04-18 15:55:36.882","file":"user/create.go:23","msg":"username is: [admin], password is []"}
{"level":"DEBUG","timestamp":"2019-04-18 15:56:48.771","file":"user/create.go:23","msg":"username is: [admin], password is [test0001]"}
{"level":"DEBUG","timestamp":"2019-04-18 15:57:29.767","file":"user/create.go:23","msg":"username is: [admin], password is [test0001]"}
{"level":"DEBUG","timestamp":"2019-04-18 15:57:35.436","file":"user/create.go:23","msg":"username is: [admin], password is [test0001]"}
{"level":"DEBUG","timestamp":"2019-04-18 15:57:47.167","file":"user/create.go:23","msg":"username is: [], password is [test0001]"}
{"level":"ERROR","timestamp":"2019-04-18 15:57:47.167","file":"user/create.go:27","msg":"Get an error","data":{"error":"Err - code: 20102, message: 没有找到这个用户 这是一段增加的错误信息, error: username can not found in db: xx.xx.xx.xx"}}
{"level":"DEBUG","timestamp":"2019-04-18 15:57:47.167","file":"user/create.go:31","msg":"错误类型是 ErrUserNotFound"}
{"level":"DEBUG","timestamp":"2019-04-18 16:11:57.108","file":"user/create.go:23","msg":"username is: [], password is [test0001]"}
{"level":"ERROR","timestamp":"2019-04-18 16:11:57.108","file":"user/create.go:27","msg":"Get an error","data":{"error":"Err - code: 20102, message: 没有找到这个用户 这是一段增加的错误信息, error: username can not found in db: xx.xx.xx.xx"}}
{"level":"DEBUG","timestamp":"2019-04-18 16:11:57.108","file":"user/create.go:31","msg":"错误类型是 ErrUserNotFound"}
{"level":"INFO","timestamp":"2019-04-18 16:13:08.071","file":"apiserver-study/main.go:50","msg":"开始监听端口: :8080"}
{"level":"INFO","timestamp":"2019-04-18 16:13:08.072","file":"apiserver-study/main.go:47","msg":"路由器部署成功"}
{"level":"DEBUG","timestamp":"2019-04-18 16:13:22.334","file":"user/create.go:23","msg":"username is: [admin], password is [test0001]"}
{"level":"DEBUG","timestamp":"2019-04-18 16:13:27.835","file":"user/create.go:23","msg":"username is: [], password is [test0001]"}
{"level":"ERROR","timestamp":"2019-04-18 16:13:27.835","file":"user/create.go:27","msg":"Get an error","data":{"error":"Err - code: 20102, message: 没有找到这个用户 这是一段增加的错误信息, error: username can not found in db: xx.xx.xx.xx"}}
{"level":"DEBUG","timestamp":"2019-04-18 16:13:27.835","file":"user/create.go:31","msg":"错误类型是 ErrUserNotFound"}
{"level":"INFO","timestamp":"2019-04-18 16:16:42.880","file":"apiserver-study/main.go:50","msg":"开始监听端口: :8080"}
{"level":"INFO","timestamp":"2019-04-18 16:16:42.882","file":"apiserver-study/main.go:47","msg":"路由器部署成功"}
{"level":"DEBUG","timestamp":"2019-04-18 16:16:50.754","file":"user/create.go:23","msg":"username is: [], password is [test0001]"}
{"level":"INFO","timestamp":"2019-04-18 18:11:12.553","file":"apiserver-study/main.go:50","msg":"开始监听端口: :8080"}
{"level":"INFO","timestamp":"2019-04-18 18:11:12.553","file":"apiserver-study/main.go:51","msg":"listen tcp :8080: bind: address already in use"}
{"level":"INFO","timestamp":"2019-04-18 18:14:40.893","file":"apiserver-study/main.go:50","msg":"开始监听端口: :8080"}
{"level":"INFO","timestamp":"2019-04-18 18:14:40.894","file":"apiserver-study/main.go:47","msg":"路由器部署成功"}
{"level":"INFO","timestamp":"2019-04-18 18:14:55.415","file":"user/create.go:51","msg":"url username: admin2"}
{"level":"INFO","timestamp":"2019-04-18 18:14:55.415","file":"user/create.go:54","msg":"url key param desc: test"}
{"level":"INFO","timestamp":"2019-04-18 18:14:55.415","file":"user/create.go:57","msg":"Header Content-Type: application/json"}
{"level":"DEBUG","timestamp":"2019-04-18 18:14:55.415","file":"user/create.go:59","msg":"username: [admin], password: [test0001]"}
{"level":"DEBUG","timestamp":"2019-04-18 18:23:23.246","file":"user/create.go:24","msg":"username is: [], password is [test0001]"}
{"level":"ERROR","timestamp":"2019-04-18 18:23:23.301","file":"user/create.go:28","msg":"Get an error","data":{"error":"Err - code: 20102, message: 没有找到这个用户 这是一段增加的错误信息, error: username can not found in db: xx.xx.xx.xx"}}
{"level":"DEBUG","timestamp":"2019-04-18 18:23:23.301","file":"user/create.go:32","msg":"错误类型是 ErrUserNotFound"}
{"level":"INFO","timestamp":"2019-04-18 18:24:13.778","file":"user/create.go:51","msg":"url username: admin2"}
{"level":"INFO","timestamp":"2019-04-18 18:24:13.792","file":"user/create.go:54","msg":"url key param desc: test"}
{"level":"INFO","timestamp":"2019-04-18 18:24:13.792","file":"user/create.go:57","msg":"Header Content-Type: application/json"}
{"level":"DEBUG","timestamp":"2019-04-18 18:24:13.792","file":"user/create.go:59","msg":"username: [admin], password: []"}
{"level":"INFO","timestamp":"2019-04-18 18:26:30.380","file":"apiserver-study/main.go:50","msg":"开始监听端口: :8080"}
{"level":"INFO","timestamp":"2019-04-18 18:26:30.381","file":"apiserver-study/main.go:47","msg":"路由器部署成功"}
{"level":"INFO","timestamp":"2019-04-18 18:26:35.465","file":"user/create.go:51","msg":"url username: admin2"}
{"level":"INFO","timestamp":"2019-04-18 18:26:35.465","file":"user/create.go:54","msg":"url key param desc: test"}
{"level":"INFO","timestamp":"2019-04-18 18:26:35.465","file":"user/create.go:57","msg":"Header Content-Type: application/json"}
{"level":"DEBUG","timestamp":"2019-04-18 18:26:35.465","file":"user/create.go:59","msg":"username: [admin], password: []"}
{"level":"INFO","timestamp":"2019-04-18 18:26:51.444","file":"user/create.go:51","msg":"url username: admin2"}
{"level":"INFO","timestamp":"2019-04-18 18:26:51.444","file":"user/create.go:54","msg":"url key param desc: test"}
{"level":"INFO","timestamp":"2019-04-18 18:26:51.444","file":"user/create.go:57","msg":"Header Content-Type: application/json"}
{"level":"DEBUG","timestamp":"2019-04-18 18:26:51.444","file":"user/create.go:59","msg":"username: [], password: [test0001]"}
{"level":"INFO","timestamp":"2019-04-18 18:26:58.622","file":"user/create.go:51","msg":"url username: admin2"}
{"level":"INFO","timestamp":"2019-04-18 18:26:58.622","file":"user/create.go:54","msg":"url key param desc: test"}
{"level":"INFO","timestamp":"2019-04-18 18:26:58.622","file":"user/create.go:57","msg":"Header Content-Type: application/json"}
{"level":"DEBUG","timestamp":"2019-04-18 18:26:58.622","file":"user/create.go:59","msg":"username: [], password: []"}
{"level":"INFO","timestamp":"2019-04-18 18:27:04.112","file":"user/create.go:51","msg":"url username: admin2"}
{"level":"INFO","timestamp":"2019-04-18 18:27:04.112","file":"user/create.go:54","msg":"url key param desc: test"}
{"level":"INFO","timestamp":"2019-04-18 18:27:04.112","file":"user/create.go:57","msg":"Header Content-Type: application/json"}
{"level":"DEBUG","timestamp":"2019-04-18 18:27:04.112","file":"user/create.go:59","msg":"username: [], password: []"}
{"level":"INFO","timestamp":"2019-04-18 18:29:37.610","file":"user/create.go:51","msg":"url username: admin12"}
{"level":"INFO","timestamp":"2019-04-18 18:29:37.610","file":"user/create.go:54","msg":"url key param desc: test"}
{"level":"INFO","timestamp":"2019-04-18 18:29:37.610","file":"user/create.go:57","msg":"Header Content-Type: application/json"}
{"level":"DEBUG","timestamp":"2019-04-18 18:29:37.610","file":"user/create.go:59","msg":"username: [], password: []"}
{"level":"ERROR","timestamp":"2019-04-19 14:24:50.005","file":"model/init.go:28","msg":"数据%!s(MISSING)l连接失败","data":{"error":"this authentication plugin is not supported"}}
{"level":"INFO","timestamp":"2019-04-19 14:24:50.062","file":"apiserver-study/main.go:51","msg":"开始监听端口: :8080"}
{"level":"INFO","timestamp":"2019-04-19 14:24:50.063","file":"apiserver-study/main.go:48","msg":"路由器部署成功"}
{"level":"ERROR","timestamp":"2019-04-19 14:25:19.154","file":"model/init.go:28","msg":"数据%!s(MISSING)l连接失败","data":{"error":"this authentication plugin is not supported"}}
{"level":"INFO","timestamp":"2019-04-19 14:25:19.154","file":"apiserver-study/main.go:51","msg":"开始监听端口: :8080"}
{"level":"INFO","timestamp":"2019-04-19 14:25:19.155","file":"apiserver-study/main.go:48","msg":"路由器部署成功"}
{"level":"INFO","timestamp":"2019-04-19 14:38:50.541","file":"apiserver-study/main.go:51","msg":"开始监听端口: :8080"}
{"level":"INFO","timestamp":"2019-04-19 14:38:50.542","file":"apiserver-study/main.go:65","msg":"等待路由器，1秒后重试"}
{"level":"INFO","timestamp":"2019-04-19 14:38:51.566","file":"apiserver-study/main.go:48","msg":"路由器部署成功"}
{"level":"INFO","timestamp":"2019-04-19 14:46:17.421","file":"user/create.go:16","msg":"响应用户创建方法","data":{"X-Request-Id":""}}
{"level":"INFO","timestamp":"2019-04-19 14:48:22.330","file":"apiserver-study/main.go:51","msg":"开始监听端口: :8080"}
{"level":"INFO","timestamp":"2019-04-19 14:48:22.331","file":"apiserver-study/main.go:65","msg":"等待路由器，1秒后重试"}
{"level":"INFO","timestamp":"2019-04-19 14:48:23.363","file":"apiserver-study/main.go:48","msg":"路由器部署成功"}
{"level":"INFO","timestamp":"2019-04-19 14:48:51.707","file":"user/create.go:16","msg":"响应用户创建方法","data":{"X-Request-Id":""}}
{"level":"INFO","timestamp":"2019-04-19 15:20:46.236","file":"apiserver-study/main.go:51","msg":"开始监听端口: :8080"}
{"level":"INFO","timestamp":"2019-04-19 15:20:46.237","file":"apiserver-study/main.go:65","msg":"等待路由器，1秒后重试"}
{"level":"INFO","timestamp":"2019-04-19 15:20:47.303","file":"apiserver-study/main.go:48","msg":"路由器部署成功"}
{"level":"INFO","timestamp":"2019-04-19 15:23:54.514","file":"user/create.go:16","msg":"响应用户创建方法","data":{"X-Request-Id":""}}
{"level":"INFO","timestamp":"2019-04-19 15:24:16.391","file":"user/create.go:16","msg":"响应用户创建方法","data":{"X-Request-Id":""}}
{"level":"INFO","timestamp":"2019-04-19 15:24:31.756","file":"user/create.go:16","msg":"响应用户创建方法","data":{"X-Request-Id":""}}
{"level":"INFO","timestamp":"2019-04-19 15:24:54.623","file":"user/create.go:16","msg":"响应用户创建方法","data":{"X-Request-Id":""}}
{"level":"INFO","timestamp":"2019-04-19 15:25:05.579","file":"user/create.go:16","msg":"响应用户创建方法","data":{"X-Request-Id":""}}
{"level":"INFO","timestamp":"2019-04-19 15:25:15.484","file":"user/create.go:16","msg":"响应用户创建方法","data":{"X-Request-Id":""}}
{"level":"INFO","timestamp":"2019-04-19 15:32:23.705","file":"user/create.go:16","msg":"响应用户创建方法","data":{"X-Request-Id":""}}
{"level":"INFO","timestamp":"2019-04-19 15:32:32.245","file":"user/create.go:16","msg":"响应用户创建方法","data":{"X-Request-Id":""}}
{"level":"INFO","timestamp":"2019-04-19 15:32:35.005","file":"user/create.go:16","msg":"响应用户创建方法","data":{"X-Request-Id":""}}
{"level":"INFO","timestamp":"2019-04-19 15:32:38.726","file":"user/create.go:16","msg":"响应用户创建方法","data":{"X-Request-Id":""}}
{"level":"INFO","timestamp":"2019-04-19 15:32:42.367","file":"user/create.go:16","msg":"响应用户创建方法","data":{"X-Request-Id":""}}
{"level":"INFO","timestamp":"2019-04-19 15:32:45.677","file":"user/create.go:16","msg":"响应用户创建方法","data":{"X-Request-Id":""}}
{"level":"INFO","timestamp":"2019-04-19 15:32:49.665","file":"user/create.go:16","msg":"响应用户创建方法","data":{"X-Request-Id":""}}
{"level":"INFO","timestamp":"2019-04-19 15:32:51.962","file":"user/create.go:16","msg":"响应用户创建方法","data":{"X-Request-Id":""}}
{"level":"INFO","timestamp":"2019-04-19 15:32:56.040","file":"user/create.go:16","msg":"响应用户创建方法","data":{"X-Request-Id":""}}
{"level":"INFO","timestamp":"2019-04-19 15:33:04.636","file":"user/create.go:16","msg":"响应用户创建方法","data":{"X-Request-Id":""}}
{"level":"INFO","timestamp":"2019-04-19 15:40:34.943","file":"apiserver-study/main.go:51","msg":"开始监听端口: :8080"}
{"level":"INFO","timestamp":"2019-04-19 15:40:34.944","file":"apiserver-study/main.go:65","msg":"等待路由器，1秒后重试"}
{"level":"INFO","timestamp":"2019-04-19 15:40:35.984","file":"apiserver-study/main.go:48","msg":"路由器部署成功"}
{"level":"INFO","timestamp":"2019-04-19 15:43:35.017","file":"apiserver-study/main.go:51","msg":"开始监听端口: :8080"}
{"level":"INFO","timestamp":"2019-04-19 15:43:35.018","file":"apiserver-study/main.go:65","msg":"等待路由器，1秒后重试"}
{"level":"INFO","timestamp":"2019-04-19 15:43:36.032","file":"apiserver-study/main.go:48","msg":"路由器部署成功"}
{"level":"INFO","timestamp":"2019-04-19 15:49:37.066","file":"apiserver-study/main.go:51","msg":"开始监听端口: :8080"}
{"level":"INFO","timestamp":"2019-04-19 15:49:37.067","file":"apiserver-study/main.go:65","msg":"等待路由器，1秒后重试"}
{"level":"INFO","timestamp":"2019-04-19 15:49:38.086","file":"apiserver-study/main.go:48","msg":"路由器部署成功"}
{"level":"INFO","timestamp":"2019-04-19 16:10:09.108","file":"apiserver-study/main.go:51","msg":"开始监听端口: :8080"}
{"level":"INFO","timestamp":"2019-04-19 16:10:09.108","file":"apiserver-study/main.go:65","msg":"等待路由器，1秒后重试"}
{"level":"INFO","timestamp":"2019-04-19 16:10:10.136","file":"apiserver-study/main.go:48","msg":"路由器部署成功"}
{"level":"INFO","timestamp":"2019-04-19 16:50:30.473","file":"apiserver-study/main.go:51","msg":"开始监听端口: :8080"}
{"level":"INFO","timestamp":"2019-04-19 16:50:30.474","file":"apiserver-study/main.go:65","msg":"等待路由器，1秒后重试"}
{"level":"INFO","timestamp":"2019-04-19 16:50:31.493","file":"apiserver-study/main.go:48","msg":"路由器部署成功"}
{"level":"INFO","timestamp":"2019-04-19 16:51:46.032","file":"apiserver-study/main.go:51","msg":"开始监听端口: :8080"}
{"level":"INFO","timestamp":"2019-04-19 16:51:46.032","file":"apiserver-study/main.go:65","msg":"等待路由器，1秒后重试"}
{"level":"INFO","timestamp":"2019-04-19 16:51:47.051","file":"apiserver-study/main.go:48","msg":"路由器部署成功"}
{"level":"INFO","timestamp":"2019-04-19 16:58:10.391","file":"user/create.go:16","msg":"响应用户创建方法","data":{"X-Request-Id":""}}
{"level":"INFO","timestamp":"2019-04-19 17:01:42.553","file":"user/create.go:16","msg":"响应用户创建方法","data":{"X-Request-Id":""}}
{"level":"INFO","timestamp":"2019-04-19 17:01:50.032","file":"user/create.go:16","msg":"响应用户创建方法","data":{"X-Request-Id":""}}
{"level":"INFO","timestamp":"2019-04-19 17:01:51.558","file":"user/create.go:16","msg":"响应用户创建方法","data":{"X-Request-Id":""}}
{"level":"INFO","timestamp":"2019-04-19 17:19:39.292","file":"apiserver-study/main.go:51","msg":"开始监听端口: :8080"}
{"level":"INFO","timestamp":"2019-04-19 17:19:39.293","file":"apiserver-study/main.go:65","msg":"等待路由器，1秒后重试"}
{"level":"INFO","timestamp":"2019-04-19 17:19:40.500","file":"apiserver-study/main.go:48","msg":"路由器部署成功"}
{"level":"INFO","timestamp":"2019-04-19 17:55:28.617","file":"apiserver-study/main.go:51","msg":"开始监听端口: :8080"}
{"level":"INFO","timestamp":"2019-04-19 17:55:28.618","file":"apiserver-study/main.go:65","msg":"等待路由器，1秒后重试"}
{"level":"INFO","timestamp":"2019-04-19 17:55:29.635","file":"apiserver-study/main.go:48","msg":"路由器部署成功"}
{"level":"INFO","timestamp":"2019-04-19 18:03:40.770","file":"apiserver-study/main.go:51","msg":"开始监听端口: :8080"}
{"level":"INFO","timestamp":"2019-04-19 18:03:40.771","file":"apiserver-study/main.go:65","msg":"等待路由器，1秒后重试"}
{"level":"INFO","timestamp":"2019-04-19 18:03:41.788","file":"apiserver-study/main.go:48","msg":"路由器部署成功"}
{"level":"INFO","timestamp":"2019-04-19 18:05:06.596","file":"apiserver-study/main.go:51","msg":"开始监听端口: :8080"}
{"level":"INFO","timestamp":"2019-04-19 18:05:06.597","file":"apiserver-study/main.go:65","msg":"等待路由器，1秒后重试"}
{"level":"INFO","timestamp":"2019-04-19 18:05:07.613","file":"apiserver-study/main.go:48","msg":"路由器部署成功"}
{"level":"INFO","timestamp":"2019-04-19 18:06:05.499","file":"apiserver-study/main.go:51","msg":"开始监听端口: :8080"}
{"level":"INFO","timestamp":"2019-04-19 18:06:05.499","file":"apiserver-study/main.go:65","msg":"等待路由器，1秒后重试"}
{"level":"INFO","timestamp":"2019-04-19 18:06:06.513","file":"apiserver-study/main.go:48","msg":"路由器部署成功"}
{"level":"INFO","timestamp":"2019-04-19 18:09:04.839","file":"apiserver-study/main.go:51","msg":"开始监听端口: :8080"}
{"level":"INFO","timestamp":"2019-04-19 18:09:04.840","file":"apiserver-study/main.go:65","msg":"等待路由器，1秒后重试"}
{"level":"INFO","timestamp":"2019-04-19 18:09:05.856","file":"apiserver-study/main.go:48","msg":"路由器部署成功"}
{"level":"INFO","timestamp":"2019-04-19 18:10:10.009","file":"apiserver-study/main.go:51","msg":"开始监听端口: :8080"}
{"level":"INFO","timestamp":"2019-04-19 18:10:10.011","file":"apiserver-study/main.go:48","msg":"路由器部署成功"}
{"level":"INFO","timestamp":"2019-04-19 18:10:35.601","file":"apiserver-study/main.go:51","msg":"开始监听端口: :8080"}
{"level":"INFO","timestamp":"2019-04-19 18:10:35.602","file":"apiserver-study/main.go:48","msg":"路由器部署成功"}
{"level":"INFO","timestamp":"2019-04-19 18:11:30.580","file":"apiserver-study/main.go:51","msg":"开始监听端口: :8080"}
{"level":"INFO","timestamp":"2019-04-19 18:11:30.581","file":"apiserver-study/main.go:48","msg":"路由器部署成功"}
{"level":"INFO","timestamp":"2019-04-19 18:21:00.294","file":"apiserver-study/main.go:51","msg":"开始监听端口: :8080"}
{"level":"INFO","timestamp":"2019-04-19 18:21:00.295","file":"apiserver-study/main.go:65","msg":"等待路由器，1秒后重试"}
{"level":"INFO","timestamp":"2019-04-19 18:21:01.308","file":"apiserver-study/main.go:48","msg":"路由器部署成功"}
